<?xml version="1.0" encoding="UTF-8"?>
<!-- Generated by org.testng.reporters.JUnitReportReporter -->
<testsuite hostname="user-PC" name="nal.qa.tests.LoginPageTest" tests="2" failures="0" timestamp="25 Mar 2020 17:29:28 GMT" time="87.988" errors="0">
  <testcase name="ValidateTitle" time="50.187" classname="nal.qa.tests.LoginPageTest"/>
  <testcase name="LoginTest" time="37.801" classname="nal.qa.tests.LoginPageTest"/>
</testsuite> <!-- nal.qa.tests.LoginPageTest -->
