<?xml version="1.0" encoding="UTF-8"?>
<!-- Generated by org.testng.reporters.JUnitReportReporter -->
<testsuite hostname="user-PC" name="nal.qa.tests.LoginPageTest" tests="2" failures="0" timestamp="27 Mar 2020 17:41:56 GMT" time="87.864" errors="0">
  <testcase name="ValidateTitle" time="43.875" classname="nal.qa.tests.LoginPageTest"/>
  <testcase name="LoginTest" time="43.989" classname="nal.qa.tests.LoginPageTest"/>
</testsuite> <!-- nal.qa.tests.LoginPageTest -->
