<?xml version="1.0" encoding="UTF-8"?>
<!-- Generated by org.testng.reporters.JUnitReportReporter -->
<testsuite hostname="user-PC" name="nal.qa.tests.SignupPageTest" tests="3" failures="0" timestamp="27 Mar 2020 17:41:56 GMT" time="90.214" errors="0">
  <testcase name="CreateRediffAccount" time="30.594" classname="nal.qa.tests.SignupPageTest"/>
  <testcase name="CreateRediffAccount" time="26.150" classname="nal.qa.tests.SignupPageTest"/>
  <testcase name="CreateRediffAccount" time="33.470" classname="nal.qa.tests.SignupPageTest"/>
</testsuite> <!-- nal.qa.tests.SignupPageTest -->
