<?xml version="1.0" encoding="UTF-8"?>
<!-- Generated by org.testng.reporters.JUnitReportReporter -->
<testsuite hostname="user-PC" name="nal.qa.tests.HomePageTest" tests="2" failures="0" timestamp="27 Mar 2020 17:41:56 GMT" time="99.538" errors="0">
  <testcase name="ClickOnProfileLabel" time="30.411" classname="nal.qa.tests.HomePageTest"/>
  <testcase name="VerifyHomePageTitle" time="69.127" classname="nal.qa.tests.HomePageTest"/>
</testsuite> <!-- nal.qa.tests.HomePageTest -->
