<?xml version="1.0" encoding="UTF-8"?>
<!-- Generated by org.testng.reporters.JUnitReportReporter -->
<testsuite hostname="user-PC" name="nal.qa.tests.HomePageTest" tests="2" failures="0" timestamp="25 Mar 2020 17:29:28 GMT" time="62.141" errors="0">
  <testcase name="VerifyHomePageTitle" time="30.224" classname="nal.qa.tests.HomePageTest"/>
  <testcase name="ClickOnProfileLabel" time="31.917" classname="nal.qa.tests.HomePageTest"/>
</testsuite> <!-- nal.qa.tests.HomePageTest -->
