<?xml version="1.0" encoding="UTF-8"?>
<!-- Generated by org.testng.reporters.JUnitReportReporter -->
<testsuite hostname="user-PC" name="nal.qa.tests.SignupPageTest" tests="3" failures="0" timestamp="26 Mar 2020 17:57:34 GMT" time="136.547" errors="0">
  <testcase name="CreateRediffAccount" time="69.718" classname="nal.qa.tests.SignupPageTest"/>
  <testcase name="CreateRediffAccount" time="38.151" classname="nal.qa.tests.SignupPageTest"/>
  <testcase name="CreateRediffAccount" time="28.678" classname="nal.qa.tests.SignupPageTest"/>
</testsuite> <!-- nal.qa.tests.SignupPageTest -->
